<?xml version="1.0" encoding="UTF-8"?>
<!-- Generated by org.testng.reporters.JUnitReportReporter -->
<testsuite hostname="DESKTOP-F244SB3" failures="0" tests="1" name="Testng.Demo_DataProvider" time="0.014" errors="0" timestamp="2024-02-22T23:11:53 IST" skipped="0">
  <testcase classname="Testng.Demo_DataProvider" name="Student" time="0.014"/>
  <system-out/>
</testsuite> <!-- Testng.Demo_DataProvider -->
