<?xml version="1.0" encoding="UTF-8"?>
<!-- Generated by org.testng.reporters.JUnitReportReporter -->
<testsuite hostname="DESKTOP-F244SB3" failures="0" tests="4" name="Testng.Demo2" time="0.032" errors="0" timestamp="2024-02-22T22:49:00 IST" skipped="0">
  <testcase classname="Testng.Demo2" name="Delete" time="0.001"/>
  <system-out/>
  <testcase classname="Testng.Demo2" name="Delete" time="0.022"/>
  <system-out/>
  <testcase classname="Testng.Demo2" name="Insert" time="0.004"/>
  <system-out/>
  <testcase classname="Testng.Demo2" name="Insert" time="0.005"/>
  <system-out/>
</testsuite> <!-- Testng.Demo2 -->
