<?xml version="1.0" encoding="UTF-8"?>
<!-- Generated by org.testng.reporters.JUnitReportReporter -->
<testsuite hostname="DESKTOP-F244SB3" failures="0" tests="3" name="Testng.DependsonMethods" time="0.031" errors="0" timestamp="2024-02-22T23:35:44 IST" skipped="0">
  <testcase classname="Testng.DependsonMethods" name="logout" time="0.002"/>
  <system-out/>
  <testcase classname="Testng.DependsonMethods" name="login" time="0.003"/>
  <system-out/>
  <testcase classname="Testng.DependsonMethods" name="Homepage" time="0.026"/>
  <system-out/>
</testsuite> <!-- Testng.DependsonMethods -->
