<?xml version="1.0" encoding="UTF-8"?>
<!-- Generated by org.testng.reporters.JUnitReportReporter -->
<testsuite hostname="DESKTOP-F244SB3" failures="0" tests="2" name="Testng.Demo3" time="0.006" errors="0" timestamp="2024-02-22T22:49:00 IST" skipped="0">
  <testcase classname="Testng.Demo3" name="Login" time="0.004"/>
  <system-out/>
  <testcase classname="Testng.Demo3" name="Login" time="0.002"/>
  <system-out/>
</testsuite> <!-- Testng.Demo3 -->
